<?xml version="1.0" encoding="UTF-8"?>
<testng-results ignored="0" total="1" passed="1" failed="0" skipped="0">
  <reporter-output>
  </reporter-output>
  <suite started-at="2022-09-02T18:51:59 IST" name="Default suite" finished-at="2022-09-02T18:52:06 IST" duration-ms="7417">
    <groups>
    </groups>
    <test started-at="2022-09-02T18:51:59 IST" name="Default test" finished-at="2022-09-02T18:52:06 IST" duration-ms="7417">
      <class name="testCases.TC001">
        <test-method is-config="true" signature="setup()[pri:0, instance:testCases.TC001@36bc55de]" started-at="2022-09-02T18:51:59 IST" name="setup" finished-at="2022-09-02T18:52:06 IST" duration-ms="7034" status="PASS">
          <reporter-output>
          </reporter-output>
        </test-method> <!-- setup -->
        <test-method signature="tc001()[pri:0, instance:testCases.TC001@36bc55de]" started-at="2022-09-02T18:52:06 IST" name="tc001" finished-at="2022-09-02T18:52:06 IST" duration-ms="8" status="PASS">
          <reporter-output>
          </reporter-output>
        </test-method> <!-- tc001 -->
        <test-method is-config="true" signature="tearDown()[pri:0, instance:testCases.TC001@36bc55de]" started-at="2022-09-02T18:52:06 IST" name="tearDown" finished-at="2022-09-02T18:52:06 IST" duration-ms="318" status="PASS">
          <reporter-output>
          </reporter-output>
        </test-method> <!-- tearDown -->
      </class> <!-- testCases.TC001 -->
    </test> <!-- Default test -->
  </suite> <!-- Default suite -->
</testng-results>
